<?xml version="1.0" encoding="UTF-8"?>
<testng-results ignored="0" total="1" passed="1" failed="0" skipped="0">
  <reporter-output>
  </reporter-output>
  <suite started-at="2022-12-08T02:26:32 PST" name="Suite" finished-at="2022-12-08T02:27:31 PST" duration-ms="59091">
    <groups>
    </groups>
    <test started-at="2022-12-08T02:26:32 PST" name="ChromeTest" finished-at="2022-12-08T02:27:31 PST" duration-ms="59091">
      <class name="nopcomm_CrossBrowserTest.LoginTest">
        <test-method is-config="true" signature="launchApp(java.lang.String)[pri:0, instance:nopcomm_CrossBrowserTest.LoginTest@3ee37e5a]" started-at="2022-12-08T02:26:32 PST" name="launchApp" finished-at="2022-12-08T02:26:37 PST" duration-ms="4445" status="PASS">
          <params>
            <param index="0">
              <value>
                <![CDATA[chrome]]>
              </value>
            </param>
          </params>
          <reporter-output>
          </reporter-output>
        </test-method> <!-- launchApp -->
        <test-method signature="verifyLogin()[pri:0, instance:nopcomm_CrossBrowserTest.LoginTest@3ee37e5a]" started-at="2022-12-08T02:26:37 PST" name="verifyLogin" finished-at="2022-12-08T02:27:10 PST" duration-ms="33306" status="PASS">
          <reporter-output>
          </reporter-output>
        </test-method> <!-- verifyLogin -->
        <test-method is-config="true" signature="closeApp()[pri:0, instance:nopcomm_CrossBrowserTest.LoginTest@3ee37e5a]" started-at="2022-12-08T02:27:10 PST" name="closeApp" finished-at="2022-12-08T02:27:31 PST" duration-ms="21301" status="PASS">
          <reporter-output>
          </reporter-output>
        </test-method> <!-- closeApp -->
      </class> <!-- nopcomm_CrossBrowserTest.LoginTest -->
    </test> <!-- ChromeTest -->
  </suite> <!-- Suite -->
</testng-results>
