<?xml version="1.0" encoding="UTF-8"?>
<testng-results skipped="0" failed="0" total="1" passed="1">
  <reporter-output>
  </reporter-output>
  <suite name="Default suite" duration-ms="63515" started-at="2022-12-07T13:11:26Z" finished-at="2022-12-07T13:12:30Z">
    <groups>
    </groups>
    <test name="Default test" duration-ms="63515" started-at="2022-12-07T13:11:26Z" finished-at="2022-12-07T13:12:30Z">
      <class name="excelFileExample.RegisterStudentExcelTest">
        <test-method status="PASS" signature="RegistrationDataDrivernTest()[pri:0, instance:excelFileExample.RegisterStudentExcelTest@7ca48474]" name="RegistrationDataDrivernTest" duration-ms="63484" started-at="2022-12-07T05:11:26Z" finished-at="2022-12-07T05:12:30Z">
          <reporter-output>
          </reporter-output>
        </test-method> <!-- RegistrationDataDrivernTest -->
      </class> <!-- excelFileExample.RegisterStudentExcelTest -->
    </test> <!-- Default test -->
  </suite> <!-- Default suite -->
</testng-results>
